2017-08-04T01:35:01+00:00 ERR (3): Warning: simplexml_load_string(): Entity: line 7: parser error : Opening and ending tag mismatch: Mitac_Fag line 4 and Mitac_Faq  in /var/www/html/lib/Varien/Simplexml/Config.php on line 510
2017-08-04T01:35:01+00:00 ERR (3): Warning: simplexml_load_string():         </Mitac_Faq>  in /var/www/html/lib/Varien/Simplexml/Config.php on line 510
2017-08-04T01:35:01+00:00 ERR (3): Warning: simplexml_load_string():                     ^  in /var/www/html/lib/Varien/Simplexml/Config.php on line 510
2017-08-04T01:35:01+00:00 ERR (3): Warning: simplexml_load_string(): Entity: line 7: parser error : Opening and ending tag mismatch: Mitac_Fag line 4 and Mitac_Faq  in /var/www/html/lib/Varien/Simplexml/Config.php on line 510
2017-08-04T01:35:01+00:00 ERR (3): Warning: simplexml_load_string():         </Mitac_Faq>  in /var/www/html/lib/Varien/Simplexml/Config.php on line 510
2017-08-04T01:35:01+00:00 ERR (3): Warning: simplexml_load_string():                     ^  in /var/www/html/lib/Varien/Simplexml/Config.php on line 510
2017-08-04T01:35:02+00:00 ERR (3): Warning: simplexml_load_string(): Entity: line 7: parser error : Opening and ending tag mismatch: Mitac_Fag line 4 and Mitac_Faq  in /var/www/html/lib/Varien/Simplexml/Config.php on line 510
2017-08-04T01:35:02+00:00 ERR (3): Warning: simplexml_load_string():         </Mitac_Faq>  in /var/www/html/lib/Varien/Simplexml/Config.php on line 510
2017-08-04T01:35:02+00:00 ERR (3): Warning: simplexml_load_string():                     ^  in /var/www/html/lib/Varien/Simplexml/Config.php on line 510
2017-08-04T01:40:01+00:00 ERR (3): Warning: simplexml_load_string(): Entity: line 7: parser error : Opening and ending tag mismatch: Mitac_Fag line 4 and Mitac_Faq  in /var/www/html/lib/Varien/Simplexml/Config.php on line 510
2017-08-04T01:40:01+00:00 ERR (3): Warning: simplexml_load_string():         </Mitac_Faq>  in /var/www/html/lib/Varien/Simplexml/Config.php on line 510
2017-08-04T01:40:01+00:00 ERR (3): Warning: simplexml_load_string():                     ^  in /var/www/html/lib/Varien/Simplexml/Config.php on line 510
2017-08-04T01:40:01+00:00 ERR (3): Warning: simplexml_load_string(): Entity: line 7: parser error : Opening and ending tag mismatch: Mitac_Fag line 4 and Mitac_Faq  in /var/www/html/lib/Varien/Simplexml/Config.php on line 510
2017-08-04T01:40:01+00:00 ERR (3): Warning: simplexml_load_string():         </Mitac_Faq>  in /var/www/html/lib/Varien/Simplexml/Config.php on line 510
2017-08-04T01:40:01+00:00 ERR (3): Warning: simplexml_load_string():                     ^  in /var/www/html/lib/Varien/Simplexml/Config.php on line 510
2017-08-04T01:40:03+00:00 ERR (3): Warning: simplexml_load_string(): Entity: line 7: parser error : Opening and ending tag mismatch: Mitac_Fag line 4 and Mitac_Faq  in /var/www/html/lib/Varien/Simplexml/Config.php on line 510
2017-08-04T01:40:03+00:00 ERR (3): Warning: simplexml_load_string():         </Mitac_Faq>  in /var/www/html/lib/Varien/Simplexml/Config.php on line 510
2017-08-04T01:40:03+00:00 ERR (3): Warning: simplexml_load_string():                     ^  in /var/www/html/lib/Varien/Simplexml/Config.php on line 510
2017-08-04T01:45:01+00:00 ERR (3): Warning: simplexml_load_string(): Entity: line 7: parser error : Opening and ending tag mismatch: Mitac_Fag line 4 and Mitac_Faq  in /var/www/html/lib/Varien/Simplexml/Config.php on line 510
2017-08-04T01:45:01+00:00 ERR (3): Warning: simplexml_load_string():         </Mitac_Faq>  in /var/www/html/lib/Varien/Simplexml/Config.php on line 510
2017-08-04T01:45:01+00:00 ERR (3): Warning: simplexml_load_string():                     ^  in /var/www/html/lib/Varien/Simplexml/Config.php on line 510
2017-08-04T01:45:01+00:00 ERR (3): Warning: simplexml_load_string(): Entity: line 7: parser error : Opening and ending tag mismatch: Mitac_Fag line 4 and Mitac_Faq  in /var/www/html/lib/Varien/Simplexml/Config.php on line 510
2017-08-04T01:45:01+00:00 ERR (3): Warning: simplexml_load_string():         </Mitac_Faq>  in /var/www/html/lib/Varien/Simplexml/Config.php on line 510
2017-08-04T01:45:01+00:00 ERR (3): Warning: simplexml_load_string():                     ^  in /var/www/html/lib/Varien/Simplexml/Config.php on line 510
2017-08-04T01:45:06+00:00 ERR (3): Warning: simplexml_load_string(): Entity: line 7: parser error : Opening and ending tag mismatch: Mitac_Fag line 4 and Mitac_Faq  in /var/www/html/lib/Varien/Simplexml/Config.php on line 510
2017-08-04T01:45:06+00:00 ERR (3): Warning: simplexml_load_string():         </Mitac_Faq>  in /var/www/html/lib/Varien/Simplexml/Config.php on line 510
2017-08-04T01:45:06+00:00 ERR (3): Warning: simplexml_load_string():                     ^  in /var/www/html/lib/Varien/Simplexml/Config.php on line 510
2017-08-04T01:50:02+00:00 ERR (3): Warning: simplexml_load_string(): Entity: line 12: parser error : Opening and ending tag mismatch: mitacfaq line 10 and mitacaq  in /var/www/html/lib/Varien/Simplexml/Config.php on line 510
2017-08-04T01:50:02+00:00 ERR (3): Warning: simplexml_load_string(): 			</mitacaq>  in /var/www/html/lib/Varien/Simplexml/Config.php on line 510
2017-08-04T01:50:02+00:00 ERR (3): Warning: simplexml_load_string(): 			          ^  in /var/www/html/lib/Varien/Simplexml/Config.php on line 510
2017-08-04T01:50:02+00:00 ERR (3): Warning: simplexml_load_string(): Entity: line 12: parser error : Opening and ending tag mismatch: mitacfaq line 10 and mitacaq  in /var/www/html/lib/Varien/Simplexml/Config.php on line 510
2017-08-04T01:50:02+00:00 ERR (3): Warning: simplexml_load_string(): 			</mitacaq>  in /var/www/html/lib/Varien/Simplexml/Config.php on line 510
2017-08-04T01:50:02+00:00 ERR (3): Warning: simplexml_load_string(): 			          ^  in /var/www/html/lib/Varien/Simplexml/Config.php on line 510
2017-08-04T01:50:05+00:00 ERR (3): Warning: simplexml_load_string(): Entity: line 12: parser error : Opening and ending tag mismatch: mitacfaq line 10 and mitacaq  in /var/www/html/lib/Varien/Simplexml/Config.php on line 510
2017-08-04T01:50:05+00:00 ERR (3): Warning: simplexml_load_string(): 			</mitacaq>  in /var/www/html/lib/Varien/Simplexml/Config.php on line 510
2017-08-04T01:50:05+00:00 ERR (3): Warning: simplexml_load_string(): 			          ^  in /var/www/html/lib/Varien/Simplexml/Config.php on line 510
2017-08-04T01:55:01+00:00 ERR (3): Warning: simplexml_load_string(): Entity: line 12: parser error : Opening and ending tag mismatch: mitacfaq line 10 and mitacaq  in /var/www/html/lib/Varien/Simplexml/Config.php on line 510
2017-08-04T01:55:01+00:00 ERR (3): Warning: simplexml_load_string(): 			</mitacaq>  in /var/www/html/lib/Varien/Simplexml/Config.php on line 510
2017-08-04T01:55:01+00:00 ERR (3): Warning: simplexml_load_string(): 			          ^  in /var/www/html/lib/Varien/Simplexml/Config.php on line 510
2017-08-04T01:55:01+00:00 ERR (3): Warning: simplexml_load_string(): Entity: line 12: parser error : Opening and ending tag mismatch: mitacfaq line 10 and mitacaq  in /var/www/html/lib/Varien/Simplexml/Config.php on line 510
2017-08-04T01:55:01+00:00 ERR (3): Warning: simplexml_load_string(): 			</mitacaq>  in /var/www/html/lib/Varien/Simplexml/Config.php on line 510
2017-08-04T01:55:01+00:00 ERR (3): Warning: simplexml_load_string(): 			          ^  in /var/www/html/lib/Varien/Simplexml/Config.php on line 510
2017-08-04T01:55:02+00:00 ERR (3): Warning: simplexml_load_string(): Entity: line 12: parser error : Opening and ending tag mismatch: mitacfaq line 10 and mitacaq  in /var/www/html/lib/Varien/Simplexml/Config.php on line 510
2017-08-04T01:55:02+00:00 ERR (3): Warning: simplexml_load_string(): 			</mitacaq>  in /var/www/html/lib/Varien/Simplexml/Config.php on line 510
2017-08-04T01:55:02+00:00 ERR (3): Warning: simplexml_load_string(): 			          ^  in /var/www/html/lib/Varien/Simplexml/Config.php on line 510
